{"D:\\aws-node-reto\\handler.js": {"path":"D:\\aws-node-reto\\handler.js","statementMap":{"0":{"start":{"line":2,"column":16},"end":{"line":2,"column":45}},"1":{"start":{"line":3,"column":35},"end":{"line":3,"column":65}},"2":{"start":{"line":5,"column":0},"end":{"line":29,"column":1}},"3":{"start":{"line":6,"column":2},"end":{"line":6,"column":20}},"4":{"start":{"line":7,"column":2},"end":{"line":7,"column":57}},"5":{"start":{"line":8,"column":2},"end":{"line":27,"column":4}},"6":{"start":{"line":10,"column":4},"end":{"line":17,"column":5}},"7":{"start":{"line":11,"column":23},"end":{"line":15,"column":7}},"8":{"start":{"line":16,"column":6},"end":{"line":16,"column":38}},"9":{"start":{"line":20,"column":21},"end":{"line":24,"column":5}},"10":{"start":{"line":25,"column":4},"end":{"line":25,"column":36}},"11":{"start":{"line":31,"column":0},"end":{"line":59,"column":1}},"12":{"start":{"line":32,"column":15},"end":{"line":32,"column":40}},"13":{"start":{"line":34,"column":2},"end":{"line":56,"column":4}},"14":{"start":{"line":35,"column":4},"end":{"line":44,"column":5}},"15":{"start":{"line":36,"column":23},"end":{"line":42,"column":7}},"16":{"start":{"line":43,"column":6},"end":{"line":43,"column":38}},"17":{"start":{"line":46,"column":21},"end":{"line":52,"column":5}},"18":{"start":{"line":53,"column":4},"end":{"line":53,"column":36}},"19":{"start":{"line":61,"column":0},"end":{"line":81,"column":2}},"20":{"start":{"line":62,"column":2},"end":{"line":62,"column":20}},"21":{"start":{"line":63,"column":2},"end":{"line":63,"column":57}},"22":{"start":{"line":64,"column":2},"end":{"line":80,"column":4}},"23":{"start":{"line":65,"column":4},"end":{"line":72,"column":5}},"24":{"start":{"line":66,"column":23},"end":{"line":70,"column":7}},"25":{"start":{"line":71,"column":6},"end":{"line":71,"column":38}},"26":{"start":{"line":74,"column":21},"end":{"line":78,"column":5}},"27":{"start":{"line":79,"column":4},"end":{"line":79,"column":36}}},"fnMap":{"0":{"name":"(anonymous_0)","decl":{"start":{"line":5,"column":32},"end":{"line":5,"column":33}},"loc":{"start":{"line":5,"column":62},"end":{"line":29,"column":1}},"line":5},"1":{"name":"(anonymous_1)","decl":{"start":{"line":8,"column":35},"end":{"line":8,"column":36}},"loc":{"start":{"line":8,"column":58},"end":{"line":27,"column":3}},"line":8},"2":{"name":"(anonymous_2)","decl":{"start":{"line":31,"column":35},"end":{"line":31,"column":36}},"loc":{"start":{"line":31,"column":65},"end":{"line":59,"column":1}},"line":31},"3":{"name":"(anonymous_3)","decl":{"start":{"line":34,"column":20},"end":{"line":34,"column":21}},"loc":{"start":{"line":34,"column":40},"end":{"line":56,"column":3}},"line":34},"4":{"name":"(anonymous_4)","decl":{"start":{"line":61,"column":33},"end":{"line":61,"column":34}},"loc":{"start":{"line":61,"column":63},"end":{"line":81,"column":1}},"line":61},"5":{"name":"(anonymous_5)","decl":{"start":{"line":64,"column":37},"end":{"line":64,"column":38}},"loc":{"start":{"line":64,"column":55},"end":{"line":80,"column":3}},"line":64}},"branchMap":{"0":{"loc":{"start":{"line":10,"column":4},"end":{"line":17,"column":5}},"type":"if","locations":[{"start":{"line":10,"column":4},"end":{"line":17,"column":5}},{"start":{"line":10,"column":4},"end":{"line":17,"column":5}}],"line":10},"1":{"loc":{"start":{"line":35,"column":4},"end":{"line":44,"column":5}},"type":"if","locations":[{"start":{"line":35,"column":4},"end":{"line":44,"column":5}},{"start":{"line":35,"column":4},"end":{"line":44,"column":5}}],"line":35},"2":{"loc":{"start":{"line":65,"column":4},"end":{"line":72,"column":5}},"type":"if","locations":[{"start":{"line":65,"column":4},"end":{"line":72,"column":5}},{"start":{"line":65,"column":4},"end":{"line":72,"column":5}}],"line":65}},"s":{"0":1,"1":1,"2":1,"3":1,"4":1,"5":1,"6":0,"7":0,"8":0,"9":0,"10":0,"11":1,"12":1,"13":1,"14":0,"15":0,"16":0,"17":0,"18":0,"19":1,"20":1,"21":1,"22":1,"23":0,"24":0,"25":0,"26":0,"27":0},"f":{"0":1,"1":0,"2":1,"3":0,"4":1,"5":0},"b":{"0":[0,0],"1":[0,0],"2":[0,0]},"inputSourceMap":null,"_coverageSchema":"1a1c01bbd47fc00a2c39e90264f33305004495a9","hash":"e52bb59a424964a9a283a7d0f68d78130ceb4882"}
,"D:\\aws-node-reto\\src\\api\\starwars.js": {"path":"D:\\aws-node-reto\\src\\api\\starwars.js","statementMap":{"0":{"start":{"line":1,"column":16},"end":{"line":1,"column":34}},"1":{"start":{"line":3,"column":16},"end":{"line":15,"column":1}},"2":{"start":{"line":4,"column":16},"end":{"line":4,"column":69}},"3":{"start":{"line":6,"column":4},"end":{"line":14,"column":6}},"4":{"start":{"line":7,"column":8},"end":{"line":13,"column":9}},"5":{"start":{"line":8,"column":12},"end":{"line":8,"column":74}},"6":{"start":{"line":9,"column":15},"end":{"line":13,"column":9}},"7":{"start":{"line":10,"column":12},"end":{"line":10,"column":80}},"8":{"start":{"line":12,"column":12},"end":{"line":12,"column":37}},"9":{"start":{"line":17,"column":0},"end":{"line":17,"column":24}}},"fnMap":{"0":{"name":"(anonymous_0)","decl":{"start":{"line":3,"column":16},"end":{"line":3,"column":17}},"loc":{"start":{"line":3,"column":40},"end":{"line":15,"column":1}},"line":3},"1":{"name":"(anonymous_1)","decl":{"start":{"line":6,"column":33},"end":{"line":6,"column":34}},"loc":{"start":{"line":6,"column":54},"end":{"line":14,"column":5}},"line":6}},"branchMap":{"0":{"loc":{"start":{"line":7,"column":8},"end":{"line":13,"column":9}},"type":"if","locations":[{"start":{"line":7,"column":8},"end":{"line":13,"column":9}},{"start":{"line":7,"column":8},"end":{"line":13,"column":9}}],"line":7},"1":{"loc":{"start":{"line":9,"column":15},"end":{"line":13,"column":9}},"type":"if","locations":[{"start":{"line":9,"column":15},"end":{"line":13,"column":9}},{"start":{"line":9,"column":15},"end":{"line":13,"column":9}}],"line":9}},"s":{"0":1,"1":1,"2":1,"3":1,"4":0,"5":0,"6":0,"7":0,"8":0,"9":1},"f":{"0":1,"1":0},"b":{"0":[0,0],"1":[0,0]},"inputSourceMap":null,"_coverageSchema":"1a1c01bbd47fc00a2c39e90264f33305004495a9","hash":"cf69886a07e83f5d6e019c1f9792497563a06abf"}
,"D:\\aws-node-reto\\src\\db\\mysql.js": {"path":"D:\\aws-node-reto\\src\\db\\mysql.js","statementMap":{"0":{"start":{"line":1,"column":12},"end":{"line":1,"column":28}},"1":{"start":{"line":2,"column":13},"end":{"line":2,"column":50}},"2":{"start":{"line":4,"column":30},"end":{"line":13,"column":1}},"3":{"start":{"line":5,"column":17},"end":{"line":10,"column":5}},"4":{"start":{"line":12,"column":4},"end":{"line":12,"column":42}},"5":{"start":{"line":15,"column":0},"end":{"line":15,"column":38}}},"fnMap":{"0":{"name":"createConnectionMysql","decl":{"start":{"line":4,"column":39},"end":{"line":4,"column":60}},"loc":{"start":{"line":4,"column":63},"end":{"line":13,"column":1}},"line":4}},"branchMap":{},"s":{"0":1,"1":1,"2":1,"3":2,"4":2,"5":1},"f":{"0":2},"b":{},"inputSourceMap":null,"_coverageSchema":"1a1c01bbd47fc00a2c39e90264f33305004495a9","hash":"d80049f90dd6738f9089f4b424fa57fa0a008683"}
,"D:\\aws-node-reto\\src\\models\\planet.js": {"path":"D:\\aws-node-reto\\src\\models\\planet.js","statementMap":{"0":{"start":{"line":1,"column":30},"end":{"line":1,"column":54}},"1":{"start":{"line":3,"column":20},"end":{"line":17,"column":1}},"2":{"start":{"line":4,"column":21},"end":{"line":4,"column":44}},"3":{"start":{"line":5,"column":17},"end":{"line":5,"column":73}},"4":{"start":{"line":7,"column":4},"end":{"line":16,"column":11}},"5":{"start":{"line":9,"column":12},"end":{"line":15,"column":13}},"6":{"start":{"line":10,"column":16},"end":{"line":10,"column":33}},"7":{"start":{"line":11,"column":16},"end":{"line":11,"column":49}},"8":{"start":{"line":13,"column":16},"end":{"line":13,"column":33}},"9":{"start":{"line":14,"column":16},"end":{"line":14,"column":74}},"10":{"start":{"line":19,"column":18},"end":{"line":35,"column":1}},"11":{"start":{"line":20,"column":21},"end":{"line":20,"column":44}},"12":{"start":{"line":21,"column":17},"end":{"line":21,"column":21}},"13":{"start":{"line":23,"column":4},"end":{"line":34,"column":11}},"14":{"start":{"line":26,"column":12},"end":{"line":32,"column":13}},"15":{"start":{"line":27,"column":16},"end":{"line":27,"column":33}},"16":{"start":{"line":28,"column":16},"end":{"line":28,"column":49}},"17":{"start":{"line":30,"column":16},"end":{"line":30,"column":33}},"18":{"start":{"line":31,"column":16},"end":{"line":31,"column":51}},"19":{"start":{"line":37,"column":0},"end":{"line":37,"column":43}}},"fnMap":{"0":{"name":"(anonymous_0)","decl":{"start":{"line":3,"column":20},"end":{"line":3,"column":21}},"loc":{"start":{"line":3,"column":40},"end":{"line":17,"column":1}},"line":3},"1":{"name":"(anonymous_1)","decl":{"start":{"line":8,"column":8},"end":{"line":8,"column":9}},"loc":{"start":{"line":8,"column":42},"end":{"line":16,"column":9}},"line":8},"2":{"name":"(anonymous_2)","decl":{"start":{"line":19,"column":18},"end":{"line":19,"column":19}},"loc":{"start":{"line":19,"column":36},"end":{"line":35,"column":1}},"line":19},"3":{"name":"(anonymous_3)","decl":{"start":{"line":24,"column":8},"end":{"line":24,"column":9}},"loc":{"start":{"line":24,"column":42},"end":{"line":34,"column":9}},"line":24}},"branchMap":{"0":{"loc":{"start":{"line":9,"column":12},"end":{"line":15,"column":13}},"type":"if","locations":[{"start":{"line":9,"column":12},"end":{"line":15,"column":13}},{"start":{"line":9,"column":12},"end":{"line":15,"column":13}}],"line":9},"1":{"loc":{"start":{"line":26,"column":12},"end":{"line":32,"column":13}},"type":"if","locations":[{"start":{"line":26,"column":12},"end":{"line":32,"column":13}},{"start":{"line":26,"column":12},"end":{"line":32,"column":13}}],"line":26}},"s":{"0":1,"1":1,"2":1,"3":1,"4":1,"5":0,"6":0,"7":0,"8":0,"9":0,"10":1,"11":1,"12":1,"13":1,"14":0,"15":0,"16":0,"17":0,"18":0,"19":1},"f":{"0":1,"1":0,"2":1,"3":0},"b":{"0":[0,0],"1":[0,0]},"inputSourceMap":null,"_coverageSchema":"1a1c01bbd47fc00a2c39e90264f33305004495a9","hash":"b458c8baf60da7c778ee6d809c6d8dbb3bd6f566"}
,"D:\\aws-node-reto\\tests\\testUtils\\eventGenerator.js": {"path":"D:\\aws-node-reto\\tests\\testUtils\\eventGenerator.js","statementMap":{"0":{"start":{"line":1,"column":26},"end":{"line":50,"column":1}},"1":{"start":{"line":9,"column":20},"end":{"line":48,"column":5}},"2":{"start":{"line":49,"column":4},"end":{"line":49,"column":19}},"3":{"start":{"line":52,"column":0},"end":{"line":52,"column":35}}},"fnMap":{"0":{"name":"(anonymous_0)","decl":{"start":{"line":1,"column":26},"end":{"line":1,"column":27}},"loc":{"start":{"line":8,"column":6},"end":{"line":50,"column":1}},"line":8}},"branchMap":{"0":{"loc":{"start":{"line":4,"column":4},"end":{"line":4,"column":13}},"type":"default-arg","locations":[{"start":{"line":4,"column":11},"end":{"line":4,"column":13}}],"line":4},"1":{"loc":{"start":{"line":7,"column":4},"end":{"line":7,"column":25}},"type":"default-arg","locations":[{"start":{"line":7,"column":21},"end":{"line":7,"column":25}}],"line":7},"2":{"loc":{"start":{"line":10,"column":14},"end":{"line":10,"column":48}},"type":"cond-expr","locations":[{"start":{"line":10,"column":21},"end":{"line":10,"column":41}},{"start":{"line":10,"column":44},"end":{"line":10,"column":48}}],"line":10},"3":{"loc":{"start":{"line":16,"column":24},"end":{"line":16,"column":52}},"type":"binary-expr","locations":[{"start":{"line":16,"column":24},"end":{"line":16,"column":44}},{"start":{"line":16,"column":48},"end":{"line":16,"column":52}}],"line":16},"4":{"loc":{"start":{"line":17,"column":31},"end":{"line":17,"column":56}},"type":"binary-expr","locations":[{"start":{"line":17,"column":31},"end":{"line":17,"column":48}},{"start":{"line":17,"column":52},"end":{"line":17,"column":56}}],"line":17}},"s":{"0":1,"1":3,"2":3,"3":1},"f":{"0":3},"b":{"0":[3],"1":[3],"2":[1,2],"3":[3,1],"4":[3,3]},"inputSourceMap":null,"_coverageSchema":"1a1c01bbd47fc00a2c39e90264f33305004495a9","hash":"399d8315ef3be42bd959431eded2ac42a6153cef"}
,"D:\\aws-node-reto\\tests\\testUtils\\validators.js": {"path":"D:\\aws-node-reto\\tests\\testUtils\\validators.js","statementMap":{"0":{"start":{"line":1,"column":29},"end":{"line":9,"column":1}},"1":{"start":{"line":2,"column":42},"end":{"line":2,"column":50}},"2":{"start":{"line":4,"column":4},"end":{"line":4,"column":55}},"3":{"start":{"line":4,"column":42},"end":{"line":4,"column":55}},"4":{"start":{"line":5,"column":4},"end":{"line":5,"column":53}},"5":{"start":{"line":5,"column":40},"end":{"line":5,"column":53}},"6":{"start":{"line":6,"column":4},"end":{"line":6,"column":47}},"7":{"start":{"line":6,"column":34},"end":{"line":6,"column":47}},"8":{"start":{"line":8,"column":4},"end":{"line":8,"column":16}},"9":{"start":{"line":11,"column":25},"end":{"line":17,"column":1}},"10":{"start":{"line":12,"column":4},"end":{"line":12,"column":69}},"11":{"start":{"line":12,"column":56},"end":{"line":12,"column":69}},"12":{"start":{"line":13,"column":4},"end":{"line":13,"column":70}},"13":{"start":{"line":13,"column":57},"end":{"line":13,"column":70}},"14":{"start":{"line":14,"column":4},"end":{"line":14,"column":69}},"15":{"start":{"line":14,"column":56},"end":{"line":14,"column":69}},"16":{"start":{"line":16,"column":4},"end":{"line":16,"column":16}},"17":{"start":{"line":19,"column":0},"end":{"line":22,"column":2}}},"fnMap":{"0":{"name":"(anonymous_0)","decl":{"start":{"line":1,"column":29},"end":{"line":1,"column":30}},"loc":{"start":{"line":1,"column":41},"end":{"line":9,"column":1}},"line":1},"1":{"name":"(anonymous_1)","decl":{"start":{"line":11,"column":25},"end":{"line":11,"column":26}},"loc":{"start":{"line":11,"column":36},"end":{"line":17,"column":1}},"line":11}},"branchMap":{"0":{"loc":{"start":{"line":4,"column":4},"end":{"line":4,"column":55}},"type":"if","locations":[{"start":{"line":4,"column":4},"end":{"line":4,"column":55}},{"start":{"line":4,"column":4},"end":{"line":4,"column":55}}],"line":4},"1":{"loc":{"start":{"line":4,"column":8},"end":{"line":4,"column":40}},"type":"binary-expr","locations":[{"start":{"line":4,"column":8},"end":{"line":4,"column":13}},{"start":{"line":4,"column":17},"end":{"line":4,"column":25}},{"start":{"line":4,"column":29},"end":{"line":4,"column":40}}],"line":4},"2":{"loc":{"start":{"line":5,"column":4},"end":{"line":5,"column":53}},"type":"if","locations":[{"start":{"line":5,"column":4},"end":{"line":5,"column":53}},{"start":{"line":5,"column":4},"end":{"line":5,"column":53}}],"line":5},"3":{"loc":{"start":{"line":6,"column":4},"end":{"line":6,"column":47}},"type":"if","locations":[{"start":{"line":6,"column":4},"end":{"line":6,"column":47}},{"start":{"line":6,"column":4},"end":{"line":6,"column":47}}],"line":6},"4":{"loc":{"start":{"line":12,"column":4},"end":{"line":12,"column":69}},"type":"if","locations":[{"start":{"line":12,"column":4},"end":{"line":12,"column":69}},{"start":{"line":12,"column":4},"end":{"line":12,"column":69}}],"line":12},"5":{"loc":{"start":{"line":13,"column":4},"end":{"line":13,"column":70}},"type":"if","locations":[{"start":{"line":13,"column":4},"end":{"line":13,"column":70}},{"start":{"line":13,"column":4},"end":{"line":13,"column":70}}],"line":13},"6":{"loc":{"start":{"line":14,"column":4},"end":{"line":14,"column":69}},"type":"if","locations":[{"start":{"line":14,"column":4},"end":{"line":14,"column":69}},{"start":{"line":14,"column":4},"end":{"line":14,"column":69}}],"line":14}},"s":{"0":1,"1":0,"2":0,"3":0,"4":0,"5":0,"6":0,"7":0,"8":0,"9":1,"10":0,"11":0,"12":0,"13":0,"14":0,"15":0,"16":0,"17":1},"f":{"0":0,"1":0},"b":{"0":[0,0],"1":[0,0,0],"2":[0,0],"3":[0,0],"4":[0,0],"5":[0,0],"6":[0,0]},"inputSourceMap":null,"_coverageSchema":"1a1c01bbd47fc00a2c39e90264f33305004495a9","hash":"6802440fe59bc76d0808422ee7ababee2e86db9a"}
}
